--------- beginning of system
--------- beginning of main
responseCode: 200
valid message: 
[
	{
		"_track_id":-1113212397,
		"time":1579238684721,
		"type":"track",
		"distinct_id":"bd4b868128c62c0a",
		"lib":{
			"$lib":"Android",
			"$lib_version":"3.2.9-pre",
			"$app_version":"1.0",
			"$lib_method":"code",
			"$lib_detail":"com.sensorsdata.analytics.android.demo.activity.TestMainActivity######"
		},
		"event":"$AppStart",
		"properties":{
			"$lib":"Android",
			"$carrier":"中国电信",
			"$os_version":"9",
			"$device_id":"bd4b868128c62c0a",
			"$lib_version":"3.2.9-pre",
			"$model":"ONEPLUS A6010",
			"$os":"Android",
			"$screen_width":1080,
			"$screen_height":2340,
			"$manufacturer":"OnePlus",
			"$app_version":"1.0",
			"$wifi":false,
			"$network_type":"4G",
			"$resume_from_background":false,
			"$is_first_time":true,
			"$screen_name":"com.sensorsdata.analytics.android.demo.activity.TestMainActivity",
			"$title":"demo",
			"$is_first_day":true
		},
		"_flush_time":1579238699811
	},
	{
		"_track_id":1251596444,
		"time":1579238685020,
		"type":"track",
		"distinct_id":"bd4b868128c62c0a",
		"lib":{
			"$lib":"Android",
			"$lib_version":"3.2.9-pre",
			"$app_version":"1.0",
			"$lib_method":"code",
			"$lib_detail":"com.sensorsdata.analytics.android.demo.activity.TestMainActivity######"
		},
		"event":"$AppViewScreen",
		"properties":{
			"$lib":"Android",
			"$carrier":"中国电信",
			"$os_version":"9",
			"$device_id":"bd4b868128c62c0a",
			"$lib_version":"3.2.9-pre",
			"$model":"ONEPLUS A6010",
			"$os":"Android",
			"$screen_width":1080,
			"$screen_height":2340,
			"$manufacturer":"OnePlus",
			"$app_version":"1.0",
			"$wifi":false,
			"$network_type":"4G",
			"$url":"com.sensorsdata.analytics.android.demo.activity.TestMainActivity",
			"$screen_name":"com.sensorsdata.analytics.android.demo.activity.TestMainActivity",
			"$title":"demo",
			"$is_first_day":true
		},
		"_flush_time":1579238699815
	},
	{
		"_track_id":-91605479,
		"time":1579238692550,
		"type":"track",
		"distinct_id":"bd4b868128c62c0a",
		"lib":{
			"$lib":"Android",
			"$lib_version":"3.2.9-pre",
			"$app_version":"1.0",
			"$lib_method":"code",
			"$lib_detail":"com.sensorsdata.analytics.android.demo.activity.TestMainActivity######"
		},
		"event":"$AppClick",
		"properties":{
			"$lib":"Android",
			"$carrier":"中国电信",
			"$os_version":"9",
			"$device_id":"bd4b868128c62c0a",
			"$lib_version":"3.2.9-pre",
			"$model":"ONEPLUS A6010",
			"$os":"Android",
			"$screen_width":1080,
			"$screen_height":2340,
			"$manufacturer":"OnePlus",
			"$app_version":"1.0",
			"superkey":"supervalue1405934679",
			"superkey2":"supervalue2-1004300459",
			"$wifi":false,
			"$network_type":"4G",
			"$element_selector":"android.widget.LinearLayout[0]/android.widget.FrameLayout[0]/androidx.appcompat.widget.ActionBarOverlayLayout[0]/androidx.appcompat.widget.ContentFrameLayout[0]/androidx.recyclerview.widget.RecyclerView[0]/android.widget.LinearLayout[0]",
			"$screen_name":"com.sensorsdata.analytics.android.demo.activity.TestMainActivity",
			"$title":"demo",
			"$element_content":"01、通用 Property 和基础接口设置",
			"$element_type":"android.widget.LinearLayout",
			"$is_first_day":true
		},
		"_flush_time":1579238699819
	},
	{
		"_track_id":482650416,
		"time":1579238692850,
		"type":"track",
		"distinct_id":"bd4b868128c62c0a",
		"lib":{
			"$lib":"Android",
			"$lib_version":"3.2.9-pre",
			"$app_version":"1.0",
			"$lib_method":"code",
			"$lib_detail":"com.sensorsdata.analytics.android.demo.activity.BasePropertyActivity######"
		},
		"event":"$AppViewScreen",
		"properties":{
			"$lib":"Android",
			"$carrier":"中国电信",
			"$os_version":"9",
			"$device_id":"bd4b868128c62c0a",
			"$lib_version":"3.2.9-pre",
			"$model":"ONEPLUS A6010",
			"$os":"Android",
			"$screen_width":1080,
			"$screen_height":2340,
			"$manufacturer":"OnePlus",
			"$app_version":"1.0",
			"superkey":"supervalue1405934679",
			"superkey2":"supervalue2-1004300459",
			"$wifi":false,
			"$network_type":"4G",
			"$referrer":"com.sensorsdata.analytics.android.demo.activity.TestMainActivity",
			"$url":"com.sensorsdata.analytics.android.demo.activity.BasePropertyActivity",
			"$screen_name":"com.sensorsdata.analytics.android.demo.activity.BasePropertyActivity",
			"$title":"通用 Property 和基础接口设置",
			"$is_first_day":true
		},
		"_flush_time":1579238699821
	},
	{
		"_track_id":882043157,
		"time":1579238694358,
		"type":"track",
		"distinct_id":"bd4b868128c62c0a",
		"lib":{
			"$lib":"Android",
			"$lib_version":"3.2.9-pre",
			"$app_version":"1.0",
			"$lib_method":"code",
			"$lib_detail":"com.sensorsdata.analytics.android.demo.activity.TestMainActivity######"
		},
		"event":"$AppViewScreen",
		"properties":{
			"$lib":"Android",
			"$carrier":"中国电信",
			"$os_version":"9",
			"$device_id":"bd4b868128c62c0a",
			"$lib_version":"3.2.9-pre",
			"$model":"ONEPLUS A6010",
			"$os":"Android",
			"$screen_width":1080,
			"$screen_height":2340,
			"$manufacturer":"OnePlus",
			"$app_version":"1.0",
			"superkey":"supervalue1405934679",
			"superkey2":"supervalue2-1004300459",
			"$wifi":false,
			"$network_type":"4G",
			"$referrer":"com.sensorsdata.analytics.android.demo.activity.BasePropertyActivity",
			"$url":"com.sensorsdata.analytics.android.demo.activity.TestMainActivity",
			"$screen_name":"com.sensorsdata.analytics.android.demo.activity.TestMainActivity",
			"$title":"demo",
			"$is_first_day":true
		},
		"_flush_time":1579238699822
	},
	{
		"_track_id":2061311714,
		"time":1579238696169,
		"type":"track",
		"distinct_id":"bd4b868128c62c0a",
		"lib":{
			"$lib":"Android",
			"$lib_version":"3.2.9-pre",
			"$app_version":"1.0",
			"$lib_method":"code",
			"$lib_detail":"com.sensorsdata.analytics.android.demo.activity.TestMainActivity######"
		},
		"event":"$AppClick",
		"properties":{
			"$lib":"Android",
			"$carrier":"中国电信",
			"$os_version":"9",
			"$device_id":"bd4b868128c62c0a",
			"$lib_version":"3.2.9-pre",
			"$model":"ONEPLUS A6010",
			"$os":"Android",
			"$screen_width":1080,
			"$screen_height":2340,
			"$manufacturer":"OnePlus",
			"$app_version":"1.0",
			"superkey":"supervalue1405934679",
			"superkey2":"supervalue2-1004300459",
			"$wifi":false,
			"$network_type":"4G",
			"$element_selector":"android.widget.LinearLayout[0]/android.widget.FrameLayout[0]/androidx.appcompat.widget.ActionBarOverlayLayout[0]/androidx.appcompat.widget.ContentFrameLayout[0]/androidx.recyclerview.widget.RecyclerView[0]/android.widget.LinearLayout[1]",
			"$screen_name":"com.sensorsdata.analytics.android.demo.activity.TestMainActivity",
			"$title":"demo",
			"$element_content":"02、track*, profile* 等接口调用",
			"$element_type":"android.widget.LinearLayout",
			"$is_first_day":true
		},
		"_flush_time":1579238699824
	},
	{
		"_track_id":-668688716,
		"time":1579238696465,
		"type":"track",
		"distinct_id":"bd4b868128c62c0a",
		"lib":{
			"$lib":"Android",
			"$lib_version":"3.2.9-pre",
			"$app_version":"1.0",
			"$lib_method":"code",
			"$lib_detail":"com.sensorsdata.analytics.android.demo.activity.TrackProfileSettingsActivity######"
		},
		"event":"$AppViewScreen",
		"properties":{
			"$lib":"Android",
			"$carrier":"中国电信",
			"$os_version":"9",
			"$device_id":"bd4b868128c62c0a",
			"$lib_version":"3.2.9-pre",
			"$model":"ONEPLUS A6010",
			"$os":"Android",
			"$screen_width":1080,
			"$screen_height":2340,
			"$manufacturer":"OnePlus",
			"$app_version":"1.0",
			"superkey":"supervalue1405934679",
			"superkey2":"supervalue2-1004300459",
			"$wifi":false,
			"$network_type":"4G",
			"$referrer":"com.sensorsdata.analytics.android.demo.activity.TestMainActivity",
			"$url":"com.sensorsdata.analytics.android.demo.activity.TrackProfileSettingsActivity",
			"$screen_name":"com.sensorsdata.analytics.android.demo.activity.TrackProfileSettingsActivity",
			"$title":"track*, profile* 等接口调用",
			"$is_first_day":true
		},
		"_flush_time":1579238699826
	},
	{
		"_track_id":513939789,
		"time":1579238697969,
		"type":"track",
		"distin
		"lib":{
			"$lib":"Android",
			"$lib_version":"3.2.9-pre",
			"$app_version":"1.0",
			"$lib_method":"code",
			"$lib_detail":"com.sensorsdata.analytics.android.demo.activity.TestMainActivity######"
		},
		"event":"$AppViewScreen",
		"properties":{
			"$lib":"Android",
			"$carrier":"中国电信",
			"$os_version":"9",
			"$device_id":"bd4b868128c62c0a",
			"$lib_version":"3.2.9-pre",
			"$model":"ONEPLUS A6010",
			"$os":"Android",
			"$screen_width":1080,
			"$screen_height":2340,
			"$manufacturer":"OnePlus",
			"$app_version":"1.0",
			"superkey":"supervalue1405934679",
			"superkey2":"supervalue2-1004300459",
			"$wifi":false,
			"$network_type":"4G",
			"$referrer":"com.sensorsdata.analytics.android.demo.activity.TrackProfileSettingsActivity",
			"$url":"com.sensorsdata.analytics.android.demo.activity.TestMainActivity",
			"$screen_name":"com.sensorsdata.analytics.android.demo.activity.TestMainActivity",
			"$title":"demo",
			"$is_first_day":true
		},
		"_flush_time":1579238699828
	},
	{
		"_track_id":-537733010,
		"time":1579238699476,
		"type":"track",
		"distinct_id":"bd4b868128c62c0a",
		"lib":{
			"$lib":"Android",
			"$lib_version":"3.2.9-pre",
			"$app_version":"1.0",
			"$lib_method":"code",
			"$lib_detail":"com.sensorsdata.analytics.android.demo.activity.TestMainActivity######"
		},
		"event":"$AppClick",
		"properties":{
			"$lib":"Android",
			"$carrier":"中国电信",
			"$os_version":"9",
			"$device_id":"bd4b868128c62c0a",
			"$lib_version":"3.2.9-pre",
			"$model":"ONEPLUS A6010",
			"$os":"Android",
			"$screen_width":1080,
			"$screen_height":2340,
			"$manufacturer":"OnePlus",
			"$app_version":"1.0",
			"superkey":"supervalue1405934679",
			"superkey2":"supervalue2-1004300459",
			"$wifi":false,
			"$network_type":"4G",
			"$element_selector":"android.widget.LinearLayout[0]/android.widget.FrameLayout[0]/androidx.appcompat.widget.ActionBarOverlayLayout[0]/androidx.appcompat.widget.ContentFrameLayout[0]/androidx.recyclerview.widget.RecyclerView[0]/android.widget.LinearLayout[2]",
			"$screen_name":"com.sensorsdata.analytics.android.demo.activity.TestMainActivity",
			"$title":"demo",
			"$element_content":"03、OnClick",
			"$element_type":"android.widget.LinearLayout",
			"$is_first_day":true
		},
		"_flush_time":1579238699830
	}
]
Events flushed. [left = 10]
responseCode: 200
valid message: 
[
	{
		"_track_id":1407537821,
		"time":1579238700088,
		"type":"track",
		"distinct_id":"bd4b868128c62c0a",
		"lib":{
			"$lib":"Android",
			"$lib_version":"3.2.9-pre",
			"$app_version":"1.0",
			"$lib_method":"code",
			"$lib_detail":"com.sensorsdata.analytics.android.demo.activity.ClickActivity######"
		},
		"event":"$AppViewScreen",
		"properties":{
			"$lib":"Android",
			"$carrier":"中国电信",
			"$os_version":"9",
			"$device_id":"bd4b868128c62c0a",
			"$lib_version":"3.2.9-pre",
			"$model":"ONEPLUS A6010",
			"$os":"Android",
			"$screen_width":1080,
			"$screen_height":2340,
			"$manufacturer":"OnePlus",
			"$app_version":"1.0",
			"superkey":"supervalue1405934679",
			"superkey2":"supervalue2-1004300459",
			"$wifi":false,
			"$network_type":"4G",
			"$referrer":"com.sensorsdata.analytics.android.demo.activity.TestMainActivity",
			"$url":"com.sensorsdata.analytics.android.demo.activity.ClickActivity",
			"$screen_name":"com.sensorsdata.analytics.android.demo.activity.ClickActivity",
			"$title":"OnClick",
			"$is_first_day":true
		},
		"_flush_time":1579238709192
	},
	{
		"_track_id":85563299,
		"time":1579238701298,
		"type":"track",
		"distinct_id":"bd4b868128c62c0a",
		"lib":{
			"$lib":"Android",
			"$lib_version":"3.2.9-pre",
			"$app_version":"1.0",
			"$lib_method":"code",
			"$lib_detail":"com.sensorsdata.analytics.android.demo.activity.TestMainActivity######"
		},
		"event":"$AppViewScreen",
		"properties":{
			"$lib":"Android",
			"$carrier":"中国电信",
			"$os_version":"9",
			"$device_id":"bd4b868128c62c0a",
			"$lib_version":"3.2.9-pre",
			"$model":"ONEPLUS A6010",
			"$os":"Android",
			"$screen_width":1080,
			"$screen_height":2340,
			"$manufacturer":"OnePlus",
			"$app_version":"1.0",
			"superkey":"supervalue1405934679",
			"superkey2":"supervalue2-1004300459",
			"$wifi":false,
			"$network_type":"4G",
			"$referrer":"com.sensorsdata.analytics.android.demo.activity.ClickActivity",
			"$url":"com.sensorsdata.analytics.android.demo.activity.TestMainActivity",
			"$screen_name":"com.sensorsdata.analytics.android.demo.activity.TestMainActivity",
			"$title":"demo",
			"$is_first_day":true
		},
		"_flush_time":1579238709193
	},
	{
		"_track_id":542263109,
		"time":1579238703097,
		"type":"track",
		"distinct_id":"bd4b868128c62c0a",
		"lib":{
			"$lib":"Android",
			"$lib_version":"3.2.9-pre",
			"$app_version":"1.0",
			"$lib_method":"code",
			"$lib_detail":"com.sensorsdata.analytics.android.demo.activity.TestMainActivity######"
		},
		"event":"$AppClick",
		"properties":{
			"$lib":"Android",
			"$carrier":"中国电信",
			"$os_version":"9",
			"$device_id":"bd4b868128c62c0a",
			"$lib_version":"3.2.9-pre",
			"$model":"ONEPLUS A6010",
			"$os":"Android",
			"$screen_width":1080,
			"$screen_height":2340,
			"$manufacturer":"OnePlus",
			"$app_version":"1.0",
			"superkey":"supervalue1405934679",
			"superkey2":"supervalue2-1004300459",
			"$wifi":false,
			"$network_type":"4G",
			"$element_selector":"android.widget.LinearLayout[0]/android.widget.FrameLayout[0]/androidx.appcompat.widget.ActionBarOverlayLayout[0]/androidx.appcompat.widget.ContentFrameLayout[0]/androidx.recyclerview.widget.RecyclerView[0]/android.widget.LinearLayout[3]",
			"$screen_name":"com.sensorsdata.analytics.android.demo.activity.TestMainActivity",
			"$title":"demo",
			"$element_content":"04、H5 页面测试",
			"$element_type":"android.widget.LinearLayout",
			"$is_first_day":true
		},
		"_flush_time":1579238709195
	},
	{
		"_track_id":-61016855,
		"time":1579238703406,
		"type":"track",
		"distinct_id":"bd4b868128c62c0a",
		"lib":{
			"$lib":"Android",
			"$lib_version":"3.2.9-pre",
			"$app_version":"1.0",
			"$lib_method":"code",
			"$lib_detail":"com.sensorsdata.analytics.android.demo.activity.H5Activity######"
		},
		"event":"$AppViewScreen",
		"properties":{
			"$lib":"Android",
			"$carrier":"中国电信",
			"$os_version":"9",
			"$device_id":"bd4b868128c62c0a",
			"$lib_version":"3.2.9-pre",
			"$model":"ONEPLUS A6010",
			"$os":"Android",
			"$screen_width":1080,
			"$screen_height":2340,
			"$manufacturer":"OnePlus",
			"$app_version":"1.0",
			"superkey":"supervalue1405934679",
			"superkey2":"supervalue2-1004300459",
			"$wifi":false,
			"$network_type":"4G",
			"$referrer":"com.sensorsdata.analytics.android.demo.activity.TestMainActivity",
			"$url":"com.sensorsdata.analytics.android.demo.activity.H5Activity",
			"$screen_name":"com.sensorsdata.analytics.android.demo.activity.H5Activity",
			"$title":"H5 页面测试",
			"$is_first_day":true
		},
		"_flush_time":1579238709196
	},
	{
		"_track_id":15372825,
		"time":1579238704908,
		"type":"track",
		"distinct_id":"bd4b868128c62c0a",
		"lib":{
			"$lib":"Android",
			"$lib_version":"3.2.9-pre",
			"$app_version":"1.0",
			"$lib_method":"code",
			"$lib_detail":"com.sensorsdata.analytics.android.demo.activity.TestMainActivity######"
		},
		"event":"$AppViewScreen",
		"properties":{
			"$lib":"Android",
			"$carrier":"中国电信",
			"$os_version":"9",
			"$device_id":"bd4b868128c62c0a",
			"$lib_version":"3.2.9-pre",
			"$model":"ONEPLUS A6010",
			"$os":"Android",
			"$screen_width":1080,
			"$screen_height":2340,
			"$manufacturer":"OnePlus",
			"$app_version":"1.0",
			"superkey":"supervalue1405934679",
			"superkey2":"supervalue2-1004300459",
			"$wifi":false,
			"$network_type":"4G",
			"$referrer":"com.sensorsdata.analytics.android.demo.activity.H5Activity",
			"$url":"com.sensorsdata.analytics.android.demo.activity.TestMainActivity",
			"$screen_name":"com.sensorsdata.analytics.android.demo.activity.TestMainActivity",
			"$title":"demo",
			"$is_first_day":true
		},
		"_flush_time":1579238709198
	},
	{
		"_track_id":1202417384,
		"time":1579238706411,
		"type":"track",
		"distinct_id":"bd4b868128c62c0a",
		"lib":{
			"$lib":"Android",
			"$lib_version":"3.2.9-pre",
			"$app_version":"1.0",
			"$lib_method":"code",
			"$lib_detail":"com.sensorsdata.analytics.android.demo.activity.TestMainActivity######"
		},
		"event":"$AppClick",
		"properties":{
			"$lib":"Android",
			"$carrier":"中国电信",
			"$os_version":"9",
			"$device_id":"bd4b868128c62c0a",
			"$lib_version":"3.2.9-pre",
			"$model":"ONEPLUS A6010",
			"$os":"Android",
			"$screen_width":1080,
			"$screen_height":2340,
			"$manufacturer":"OnePlus",
			"$app_version":"1.0",
			"superkey":"supervalue1405934679",
			"superkey2":"supervalue2-1004300459",
			"$wifi":false,
			"$network_type":"4G",
			"$element_selector":"android.widget.LinearLayout[0]/android.widget.FrameLayout[0]/androidx.appcompat.widget.ActionBarOverlayLayout[0]/androidx.appcompat.widget.ContentFrameLayout[0]/androidx.recyclerview.widget.RecyclerView[0]/android.widget.LinearLayout[4]",
			"$screen_name":"com.sensorsdata.analytics.android.demo.activity.TestMainActivity",
			"$title":"demo",
			"$element_content":"05、Widget 采集测试",
			"$element_type":"android.widget.LinearLayout",
			"$is_first_day":true
		},
		"_flush_time":1579238709199
	},
	{
		"_track_id":-988854099,
		"time":1579238706715,
		"type":"track",
		"distinct_id":"bd4b868128c62c0a",
		"lib":{
			"$lib":"Android",
			"$lib_version":"3.2.9-pre",
			"$app_version":"1.0",
			"$lib_method":"code",
			"$lib_detail":"com.sensorsdata.analytics.android.demo.activity.WidgetTestActivity######"
		},
		"event":"$AppClick",
		"properties":{
			"$lib":"Android",
			"$carrier":"中国电信",
			"$os_version":"9",
			"$device_id":"bd4b868128c62c0a",
			"$lib_version":"3.2.9-pre",
			"$model":"ONEPLUS A6010",
			"$os":"Android",
			"$screen_width":1080,
			"$screen_height":2340,
			"$manufacturer":"OnePlus",
			"$app_version":"1.0",
			"superkey":"supervalue1405934679",
			"superkey2":"supervalue2-1004300459",
			"$wifi":false,
			"$network_type":"4G",
			"$element_type":"Spinner",
			"$element_id":"spinner",
			"$element_selector":"android.widget.LinearLayout[0]/android.widget.FrameLayout[0]/androidx.appcompat.widget.ActionBarOverlayLayout[0]/androidx.appcompat.widget.ContentFrameLayout[0]/android.widget.ScrollView[0]/com.google.android.flexbox.FlexboxLayout[0]/androidx.appcompat.widget.AppCompatSpinner[0]/androidx.appcompat.widget.AppCompatTextView[0]",
			"$screen_name":"com.sensorsdata.analytics.android.demo.activity.WidgetTestActivity",
			"$title":"Widget 采集测试",
			"$element_position":"0",
			"$element_content":"Beijing",
			"$is_first_day":true
		},
		"_flush_time":1579238709199
	},
	{
		"_track_id":963095991,
		"time":1579238706724,
		"type":"track",
		"distinct_id":"bd4b868128c62c0a",
		"lib":{
			"$lib":"Android",
			"$lib_version":"3.2.9-pre",
			"$app_version":"1.0",
			"$lib_method":"code",
			"$lib_detail":"com.sensorsdata.analytics.android.demo.activity.WidgetTestActivity######"
		},
		"event":"$AppClick",
		"properties":{
			"$lib":"Android",
			"$carrier":"中国电信",
			"$os_version":"9",
			"$device_id":"bd4b868128c62c0a",
			"$lib_version":"3.2.9-pre",
			"$model":"ONEPLUS A6010",
			"$os":"Android",
			"$screen_width":1080,
			"$screen_height":2340,
			"$manufacturer":"OnePlus",
			"$app_version":"1.0",
			"superkey":"supervalue1405934679",
			"superkey2":"supervalue2-1004300459",
			"$wifi":false,
			"$network_type":"4G",
			"$element_type":"Spinner",
			"$element_id":"compatSpinner",
			"$element_selector":"android.widget.LinearLayout[0]/android.widget.FrameLayout[0]/androidx.appcompat.widget.ActionBarOverlayLayout[0]/androidx.appcompat.widget.ContentFrameLayout[0]/android.widget.ScrollView[0]/com.google.android.flexbox.FlexboxLayout[0]/androidx.appcompat.widget.AppCompatSpinner[1]/androidx.appcompat.widget.AppCompatTextView[0]",
			"$screen_name":"com.sensorsdata.analytics.android.demo.activity.WidgetTestActivity",
			"$title":"Widget 采集测试",
			"$element_position":"0",
			"$element_content":"Beijing",
			"$is_first_day":true
		},
		"_flush_time":1579238709200
	},
	{
		"_track_id":-1749063517,
		"time":1579238707023,
		"type":"track",
		"distinct_id":"bd4b868128c62c0a",
		"lib":{
			"$lib":"Android",
			"$lib_version":"3.2.9-pre",
			"$app_version":"1.0",
			"$lib_method":"code",
			"$lib_detail":"com.sensorsdata.analytics.android.demo.activity.WidgetTestActivity######"
		},
		"event":"$AppViewScreen",
		"properties":{
			"$lib":"Android",
			"$carrier":"中国电信",
			"$os_version":"9",
			"$device_id":"bd4b868128c62c0a",
			"$lib_version":"3.2.9-pre",
			"$model":"ONEPLUS A6010",
			"$os":"Android",
			"$screen_width":1080,
			"$screen_height":2340,
			"$manufacturer":"OnePlus",
			"$app_version":"1.0",
			"superkey":"supervalue1405934679",
			"superkey2":"supervalue2-1004300459",
			"$wifi":false,
			"$network_type":"4G",
			"$referrer":"com.sensorsdata.analytics.android.demo.activity.TestMainActivity",
			"$url":"com.sensorsdata.analytics.android.demo.activity.WidgetTestActivity",
			"$screen_name":"com.sensorsdata.analytics.android.demo.activity.WidgetTestActivity",
			"$title":"Widget 采集测试",
			"$is_first_day":true
		},
		"_flush_time":1579238709200
	},
	{
		"_track_id":274804312,
		"time":1579238708221,
		"type":"track",
		"distinct_id":"bd4b868128c62c0a",
		"lib":{
			"$lib":"Android",
			"$lib_version":"3.2.9-pre",
			"$app_version":"1.0",
			"$lib_method":"code",
			"$lib_detail":"com.sensorsdata.analytics.android.demo.activity.TestMainActivity######"
		},
		"event":"$AppViewScreen",
		"properties":{
			"$lib":"Android",
			"$carrier":"中国电信",
			"$os_version":"9",
			"$device_id":"bd4b868128c62c0a",
			"$lib_version":"3.2.9-pre",
			"$model":"ONEPLUS A6010",
			"$os":"Android",
			"$screen_width":1080,
			"$screen_height":2340,
			"$manufacturer":"OnePlus",
			"$app_version":"1.0",
			"superkey":"supervalue1405934679",
			"superkey2":"supervalue2-1004300459",
			"$wifi":false,
			"$network_type":"4G",
			"$referrer":"com.sensorsdata.analytics.android.demo.activity.WidgetTestActivity",
			"$url":"com.sensorsdata.analytics.android.demo.activity.TestMainActivity",
			"$screen_name":"com.sensorsdata.analytics.android.demo.activity.TestMainActivity",
			"$title":"demo",
			"$is_first_day":true
		},
		"_flush_time":1579238709201
	}
]
Events flushed. [left = 12]
responseCode: 200
valid message: 
[
	{
		"_track_id":-710441950,
		"time":1579238709725,
		"type":"track",
		"distinct_id":"bd4b868128c62c0a",
		"lib":{
			"$lib":"Android",
			"$lib_version":"3.2.9-pre",
			"$app_version":"1.0",
			"$lib_method":"code",
			"$lib_detail":"com.sensorsdata.analytics.android.demo.activity.TestMainActivity######"
		},
		"event":"$AppClick",
		"properties":{
			"$lib":"Android",
			"$carrier":"中国电信",
			"$os_version":"9",
			"$device_id":"bd4b868128c62c0a",
			"$lib_version":"3.2.9-pre",
			"$model":"ONEPLUS A6010",
			"$os":"Android",
			"$screen_width":1080,
			"$screen_height":2340,
			"$manufacturer":"OnePlus",
			"$app_version":"1.0",
			"superkey":"supervalue1405934679",
			"superkey2":"supervalue2-1004300459",
			"$wifi":false,
			"$network_type":"4G",
			"$element_selector":"android.widget.LinearLayout[0]/android.widget.FrameLayout[0]/androidx.appcompat.widget.ActionBarOverlayLayout[0]/androidx.appcompat.widget.ContentFrameLayout[0]/androidx.recyclerview.widget.RecyclerView[0]/android.widget.LinearLayout[5]",
			"$screen_name":"com.sensorsdata.analytics.android.demo.activity.TestMainActivity",
			"$title":"demo",
			"$element_content":"06、ViewPager & Fragment 测试",
			"$element_type":"android.widget.LinearLayout",
			"$is_first_day":true
		},
		"_flush_time":1579238722433
	},
	{
		"_track_id":1994072031,
		"time":1579238710033,
		"type":"track",
		"distinct_id":"bd4b868128c62c0a",
		"lib":{
			"$lib":"Android",
			"$lib_version":"3.2.9-pre",
			"$app_version":"1.0",
			"$lib_method":"code",
			"$lib_detail":"com.sensorsdata.analytics.android.demo.activity.FragmentActivity######"
		},
		"event":"$AppViewScreen",
		"properties":{
			"$lib":"Android",
			"$carrier":"中国电信",
			"$os_version":"9",
			"$device_id":"bd4b868128c62c0a",
			"$lib_version":"3.2.9-pre",
			"$model":"ONEPLUS A6010",
			"$os":"Android",
			"$screen_width":1080,
			"$screen_height":2340,
			"$manufacturer":"OnePlus",
			"$app_version":"1.0",
			"superkey":"supervalue1405934679",
			"superkey2":"supervalue2-1004300459",
			"$wifi":false,
			"$network_type":"4G",
			"$referrer":"com.sensorsdata.analytics.android.demo.activity.TestMainActivity",
			"$url":"com.sensorsdata.analytics.android.demo.activity.FragmentActivity",
			"$screen_name":"com.sensorsdata.analytics.android.demo.activity.FragmentActivity",
			"$title":"ViewPager & Fragment 测试",
			"$is_first_day":true
		},
		"_flush_time":1579238722433
	},
	{
		"_track_id":-447753001,
		"time":1579238711544,
		"type":"track",
		"distinct_id":"bd4b868128c62c0a",
		"lib":{
			"$lib":"Android",
			"$lib_version":"3.2.9-pre",
			"$app_version":"1.0",
			"$lib_method":"code",
			"$lib_detail":"com.sensorsdata.analytics.android.demo.activity.TestMainActivity######"
		},
		"event":"$AppViewScreen",
		"properties":{
			"$lib":"Android",
			"$carrier":"中国电信",
			"$os_version":"9",
			"$device_id":"bd4b868128c62c0a",
			"$lib_version":"3.2.9-pre",
			"$model":"ONEPLUS A6010",
			"$os":"Android",
			"$screen_width":1080,
			"$screen_height":2340,
			"$manufacturer":"OnePlus",
			"$app_version":"1.0",
			"superkey":"supervalue1405934679",
			"superkey2":"supervalue2-1004300459",
			"$wifi":false,
			"$network_type":"4G",
			"$referrer":"com.sensorsdata.analytics.android.demo.activity.FragmentActivity",
			"$url":"com.sensorsdata.analytics.android.demo.activity.TestMainActivity",
			"$screen_name":"com.sensorsdata.analytics.android.demo.activity.TestMainActivity",
			"$title":"demo",
			"$is_first_day":true
		},
		"_flush_time":1579238722434
	},
	{
		"_track_id":718563836,
		"time":1579238713041,
		"type":"track",
		"distinct_id":"bd4b868128c62c0a",
		"lib":{
			"$lib":"Android",
			"$lib_version":"3.2.9-pre",
			"$app_version":"1.0",
			"$lib_method":"code",
			"$lib_detail":"com.sensorsdata.analytics.android.demo.activity.TestMainActivity######"
		},
		"event":"$AppClick",
		"properties":{
			"$lib":"Android",
			"$carrier":"中国电信",
			"$os_version":"9",
			"$device_id":"bd4b868128c62c0a",
			"$lib_version":"3.2.9-pre",
			"$model":"ONEPLUS A6010",
			"$os":"Android",
			"$screen_width":1080,
			"$screen_height":2340,
			"$manufacturer":"OnePlus",
			"$app_version":"1.0",
			"superkey":"supervalue1405934679",
			"superkey2":"supervalue2-1004300459",
			"$wifi":false,
			"$network_type":"4G",
			"$element_selector":"android.widget.LinearLayout[0]/android.widget.FrameLayout[0]/androidx.appcompat.widget.ActionBarOverlayLayout[0]/androidx.appcompat.widget.ContentFrameLayout[0]/androidx.recyclerview.widget.RecyclerView[0]/android.widget.LinearLayout[6]",
			"$screen_name":"com.sensorsdata.analytics.android.demo.activity.TestMainActivity",
			"$title":"demo",
			"$element_content":"07、TabHost",
			"$element_type":"android.widget.LinearLayout",
			"$is_first_day":true
		},
		"_flush_time":1579238722435
	},
	{
		"_track_id":1946929654,
		"time":1579238713349,
		"type":"track",
		"distinct_id":"bd4b868128c62c0a",
		"lib":{
			"$lib":"Android",
			"$lib_version":"3.2.9-pre",
			"$app_version":"1.0",
			"$lib_method":"code",
			"$lib_detail":"com.sensorsdata.analytics.android.demo.activity.MyTabHostActivity######"
		},
		"event":"$AppViewScreen",
		"properties":{
			"$lib":"Android",
			"$carrier":"中国电信",
			"$os_version":"9",
			"$device_id":"bd4b868128c62c0a",
			"$lib_version":"3.2.9-pre",
			"$model":"ONEPLUS A6010",
			"$os":"Android",
			"$screen_width":1080,
			"$screen_height":2340,
			"$manufacturer":"OnePlus",
			"$app_version":"1.0",
			"superkey":"supervalue1405934679",
			"superkey2":"supervalue2-1004300459",
			"$wifi":false,
			"$network_type":"4G",
			"$referrer":"com.sensorsdata.analytics.android.demo.activity.TestMainActivity",
			"$url":"com.sensorsdata.analytics.android.demo.activity.MyTabHostActivity",
			"$screen_name":"com.sensorsdata.analytics.android.demo.activity.MyTabHostActivity",
			"$title":"demo",
			"$is_first_day":true
		},
		"_flush_time":1579238722436
	},
	{
		"_track_id":-620381346,
		"time":1579238714858,
		"type":"track",
		"distinct_id":"bd4b868128c62c0a",
		"lib":{
			"$lib":"Android",
			"$lib_version":"3.2.9-pre",
			"$app_version":"1.0",
			"$lib_method":"code",
			"$lib_detail":"com.sensorsdata.analytics.android.demo.activity.TestMainActivity######"
		},
		"event":"$AppViewScreen",
		"properties":{
			"$lib":"Android",
			"$carrier":"中国电信",
			"$os_version":"9",
			"$device_id":"bd4b868128c62c0a",
			"$lib_version":"3.2.9-pre",
			"$model":"ONEPLUS A6010",
			"$os":"Android",
			"$screen_width":1080,
			"$screen_height":2340,
			"$manufacturer":"OnePlus",
			"$app_version":"1.0",
			"superkey":"supervalue1405934679",
			"superkey2":"supervalue2-1004300459",
			"$wifi":false,
			"$network_type":"4G",
			"$referrer":"com.sensorsdata.analytics.android.demo.activity.MyTabHostActivity",
			"$url":"com.sensorsdata.analytics.android.demo.activity.TestMainActivity",
			"$screen_name":"com.sensorsdata.analytics.android.demo.activity.TestMainActivity",
			"$title":"demo",
			"$is_first_day":true
		},
		"_flush_time":1579238722437
	},
	{
		"_track_id":972396708,
		"time":1579238716355,
		"type":"track",
		"distinct_id":"bd4b868128c62c0a",
		"lib":{
			"$lib":"Android",
			"$lib_version":"3.2.9-pre",
			"$app_version":"1.0",
			"$lib_method":"code",
			"$lib_detail":"com.sensorsdata.analytics.android.demo.activity.TestMainActivity######"
		},
		"event":"$AppClick",
		"properties":{
			"$lib":"Android",
			"$carrier":"中国电信",
			"$os_version":"9",
			"$device_id":"bd4b868128c62c0a",
			"$lib_version":"3.2.9-pre",
			"$model":"ONEPLUS A6010",
			"$os":"Android",
			"$screen_width":1080,
			"$screen_height":2340,
			"$manufacturer":"OnePlus",
			"$app_version":"1.0",
			"superkey":"supervalue1405934679",
			"superkey2":"supervalue2-1004300459",
			"$wifi":false,
			"$network_type":"4G",
			"$element_selector":"android.widget.LinearLayout[0]/android.widget.FrameLayout[0]/androidx.appcompat.widget.ActionBarOverlayLayout[0]/androidx.appcompat.widget.ContentFrameLayout[0]/androidx.recyclerview.widget.RecyclerView[0]/android.widget.LinearLayout[7]",
			"$screen_name":"com.sensorsdata.analytics.android.demo.activity.TestMainActivity",
			"$title":"demo",
			"$element_content":"08、NavigationView",
			"$element_type":"android.widget.LinearLayout",
			"$is_first_day":true
		},
		"_flush_time":1579238722438
	},
	{
		"_track_id":-466579400,
		"time":1579238716661,
		"type":"track",
		"distinct_id":"bd4b868128c62c0a",
		"lib":{
			"$lib":"Android",
			"$lib_version":"3.2.9-pre",
			"$app_version":"1.0",
			"$lib_method":"code",
			"$lib_detail":"com.sensorsdata.analytics.android.demo.activity.NavigationViewActivity######"
		},
		"event":"$AppViewScreen",
		"properties":{
			"$lib":"Android",
			"$carrier":"中国电信",
			"$os_version":"9",
			"$device_id":"bd4b868128c62c0a",
			"$lib_version":"3.2.9-pre",
			"$model":"ONEPLUS A6010",
			"$os":"Android",
			"$screen_width":1080,
			"$screen_height":2340,
			"$manufacturer":"OnePlus",
			"$app_version":"1.0",
			"superkey":"supervalue1405934679",
			"superkey2":"supervalue2-1004300459",
			"$wifi":false,
			"$network_type":"4G",
			"$referrer":"com.sensorsdata.analytics.android.demo.activity.TestMainActivity",
			"$url":"com.sensorsdata.analytics.android.demo.activity.NavigationViewActivity",
			"$screen_name":"com.sensorsdata.analytics.android.demo.activity.NavigationViewActivity",
			"$title":"demo",
			"$is_first_day":true
		},
		"_flush_time":1579238722438
	},
	{
		"_track_id":1432050891,
		"time":1579238718173,
		"type":"track",
		"distinct_id":"bd4b868128c62c0a",
		"lib":{
			"$lib":"Android",
			"$lib_version":"3.2.9-pre",
			"$app_version":"1.0",
			"$lib_method":"code",
			"$lib_detail":"com.sensorsdata.analytics.android.demo.activity.TestMainActivity######"
		},
		"event":"$AppViewScreen",
		"properties":{
			"$lib":"Android",
			"$carrier":"中国电信",
			"$os_version":"9",
			"$device_id":"bd4b868128c62c0a",
			"$lib_version":"3.2.9-pre",
			"$model":"ONEPLUS A6010",
			"$os":"Android",
			"$screen_width":1080,
			"$screen_height":2340,
			"$manufacturer":"OnePlus",
			"$app_version":"1.0",
			"superkey":"supervalue1405934679",
			"superkey2":"supervalue2-1004300459",
			"$wifi":false,
			"$network_type":"4G",
			"$referrer":"com.sensorsdata.analytics.android.demo.activity.NavigationViewActivity",
			"$url":"com.sensorsdata.analytics.android.demo.activity.TestMainActivity",
			"$screen_name":"com.sensorsdata.analytics.android.demo.activity.TestMainActivity",
			"$title":"demo",
			"$is_first_day":true
		},
		"_flush_time":1579238722438
	},
	{
		"_track_id":1740797457,
		"time":1579238719669,
		"type":"track",
		"distinct_id":"bd4b868128c62c0a",
		"lib":{
			"$lib":"Android",
			"$lib_version":"3.2.9-pre",
			"$app_version":"1.0",
			"$lib_method":"code",
			"$lib_detail":"com.sensorsdata.analytics.android.demo.activity.TestMainActivity######"
		},
		"event":"$AppClick",
		"properties":{
			"$lib":"Android",
			"$carrier":"中国电信",
			"$os_version":"9",
			"$device_id":"bd4b868128c62c0a",
			"$lib_version":"3.2.9-pre",
			"$model":"ONEPLUS A6010",
			"$os":"Android",
			"$screen_width":1080,
			"$screen_height":2340,
			"$manufacturer":"OnePlus",
			"$app_version":"1.0",
			"superkey":"supervalue1405934679",
			"superkey2":"supervalue2-1004300459",
			"$wifi":false,
			"$network_type":"4G",
			"$element_selector":"android.widget.LinearLayout[0]/android.widget.FrameLayout[0]/androidx.appcompat.widget.ActionBarOverlayLayout[0]/androidx.appcompat.widget.ContentFrameLayout[0]/androidx.recyclerview.widget.RecyclerView[0]/android.widget.LinearLayout[8]",
			"$screen_name":"com.sensorsdata.analytics.android.demo.activity.TestMainActivity",
			"$title":"demo",
			"$element_content":"09、ViewScreen",
			"$element_type":"android.widget.LinearLayout",
			"$is_first_day":true
		},
		"_flush_time":1579238722439
	},
	{
		"_track_id":-103713341,
		"time":1579238719976,
		"type":"track",
		"distinct_id":"bd4b868128c62c0a",
		"lib":{
			"$lib":"Android",
			"$lib_version":"3.2.9-pre",
			"$app_version":"1.0",
			"$lib_method":"code",
			"$lib_detail":"test screen name######"
		},
		"event":"$AppViewScreen",
		"properties":{
			"$lib":"Android",
			"$carrier":"中国电信",
			"$os_version":"9",
			"$device_id":"bd4b868128c62c0a",
			"$lib_version":"3.2.9-pre",
			"$model":"ONEPLUS A6010",
			"$os":"Android",
			"$screen_width":1080,
			"$screen_height":2340,
			"$manufacturer":"OnePlus",
			"$app_version":"1.0",
			"superkey":"supervalue1405934679",
			"superkey2":"supervalue2-1004300459",
			"$wifi":false,
			"$network_type":"4G",
			"$referrer":"com.sensorsdata.analytics.android.demo.activity.TestMainActivity",
			"$url":"testMainActivity screen url test",
			"$screen_name":"test screen name",
			"$title":"test title ss",
			"other_property":"others",
			"$is_first_day":true
		},
		"_flush_time":1579238722439
	},
	{
		"_track_id":-542741407,
		"time":1579238721489,
		"type":"track",
		"distinct_id":"bd4b868128c62c0a",
		"lib":{
			"$lib":"Android",
			"$lib_version":"3.2.9-pre",
			"$app_version":"1.0",
			"$lib_method":"code",
			"$lib_detail":"com.sensorsdata.analytics.android.demo.activity.TestMainActivity######"
		},
		"event":"$AppViewScreen",
		"properties":{
			"$lib":"Android",
			"$carrier":"中国电信",
			"$os_version":"9",
			"$device_id":"bd4b868128c62c0a",
			"$lib_version":"3.2.9-pre",
			"$model":"ONEPLUS A6010",
			"$os":"Android",
			"$screen_width":1080,
			"$screen_height":2340,
			"$manufacturer":"OnePlus",
			"$app_version":"1.0",
			"superkey":"supervalue1405934679",
			"superkey2":"supervalue2-1004300459",
			"$wifi":false,
			"$network_type":"4G",
			"$referrer":"testMainActivity screen url test",
			"$url":"com.sensorsdata.analytics.android.demo.activity.TestMainActivity",
			"$screen_name":"com.sensorsdata.analytics.android.demo.activity.TestMainActivity",
			"$title":"demo",
			"$is_first_day":true
		},
		"_flush_time":1579238722439
	}
]
Events flushed. [left = 0]
responseCode: 200
valid message: 
[
	{
		"_track_id":-1058208536,
		"time":1579238723291,
		"type":"track",
		"distinct_id":"bd4b868128c62c0a",
		"lib":{
			"$lib":"Android",
			"$lib_version":"3.2.9-pre",
			"$app_version":"1.0",
			"$lib_method":"code",
			"$lib_detail":"com.sensorsdata.analytics.android.demo.activity.TestMainActivity######"
		},
		"event":"$AppClick",
		"properties":{
			"$lib":"Android",
			"$carrier":"中国电信",
			"$os_version":"9",
			"$device_id":"bd4b868128c62c0a",
			"$lib_version":"3.2.9-pre",
			"$model":"ONEPLUS A6010",
			"$os":"Android",
			"$screen_width":1080,
			"$screen_height":2340,
			"$manufacturer":"OnePlus",
			"$app_version":"1.0",
			"superkey":"supervalue1405934679",
			"superkey2":"supervalue2-1004300459",
			"$wifi":false,
			"$network_type":"4G",
			"$element_selector":"android.widget.LinearLayout[0]/android.widget.FrameLayout[0]/androidx.appcompat.widget.ActionBarOverlayLayout[0]/androidx.appcompat.widget.ContentFrameLayout[0]/androidx.recyclerview.widget.RecyclerView[0]/android.widget.LinearLayout[9]",
			"$screen_name":"com.sensorsdata.analytics.android.demo.activity.TestMainActivity",
			"$title":"demo",
			"$element_content":"10、ListView & ExpandableListView",
			"$element_type":"android.widget.LinearLayout",
			"$is_first_day":true
		},
		"_flush_time":1579238738380
	},
	{
		"_track_id":-379142579,
		"time":1579238723591,
		"type":"track",
		"distinct_id":"bd4b868128c62c0a",
		"lib":{
			"$lib":"Android",
			"$lib_version":"3.2.9-pre",
			"$app_version":"1.0",
			"$lib_method":"code",
			"$lib_detail":"com.sensorsdata.analytics.android.demo.activity.ListViewTestActivity######"
		},
		"event":"$AppViewScreen",
		"properties":{
			"$lib":"Android",
			"$carrier":"中国电信",
			"$os_version":"9",
			"$device_id":"bd4b868128c62c0a",
			"$lib_version":"3.2.9-pre",
			"$model":"ONEPLUS A6010",
			"$os":"Android",
			"$screen_width":1080,
			"$screen_height":2340,
			"$manufacturer":"OnePlus",
			"$app_version":"1.0",
			"superkey":"supervalue1405934679",
			"superkey2":"supervalue2-1004300459",
			"$wifi":false,
			"$network_type":"4G",
			"$referrer":"com.sensorsdata.analytics.android.demo.activity.TestMainActivity",
			"$url":"com.sensorsdata.analytics.android.demo.activity.ListViewTestActivity",
			"$screen_name":"com.sensorsdata.analytics.android.demo.activity.ListViewTestActivity",
			"$title":"ListView & ExpandableListView",
			"$is_first_day":true
		},
		"_flush_time":1579238738380
	},
	{
		"_track_id":-879642778,
		"time":1579238725097,
		"type":"track",
		"distinct_id":"bd4b868128c62c0a",
		"lib":{
			"$lib":"Android",
			"$lib_version":"3.2.9-pre",
			"$app_version":"1.0",
			"$lib_method":"code",
			"$lib_detail":"com.sensorsdata.analytics.android.demo.activity.TestMainActivity######"
		},
		"event":"$AppViewScreen",
		"properties":{
			"$lib":"Android",
			"$carrier":"中国电信",
			"$os_version":"9",
			"$device_id":"bd4b868128c62c0a",
			"$lib_version":"3.2.9-pre",
			"$model":"ONEPLUS A6010",
			"$os":"Android",
			"$screen_width":1080,
			"$screen_height":2340,
			"$manufacturer":"OnePlus",
			"$app_version":"1.0",
			"superkey":"supervalue1405934679",
			"superkey2":"supervalue2-1004300459",
			"$wifi":false,
			"$network_type":"4G",
			"$referrer":"com.sensorsdata.analytics.android.demo.activity.ListViewTestActivity",
			"$url":"com.sensorsdata.analytics.android.demo.activity.TestMainActivity",
			"$screen_name":"com.sensorsdata.analytics.android.demo.activity.TestMainActivity",
			"$title":"demo",
			"$is_first_day":true
		},
		"_flush_time":1579238738380
	},
	{
		"_track_id":-1622983428,
		"time":1579238726610,
		"type":"track",
		"distinct_id":"bd4b868128c62c0a",
		"lib":{
			"$lib":"Android",
			"$lib_version":"3.2.9-pre",
			"$app_version":"1.0",
			"$lib_method":"code",
			"$lib_detail":"com.sensorsdata.analytics.android.demo.activity.TestMainActivity######"
		},
		"event":"$AppClick",
		"properties":{
			"$lib":"Android",
			"$carrier":"中国电信",
			"$os_version":"9",
			"$device_id":"bd4b868128c62c0a",
			"$lib_version":"3.2.9-pre",
			"$model":"ONEPLUS A6010",
			"$os":"Android",
			"$screen_width":1080,
			"$screen_height":2340,
			"$manufacturer":"OnePlus",
			"$app_version":"1.0",
			"superkey":"supervalue1405934679",
			"superkey2":"supervalue2-1004300459",
			"$wifi":false,
			"$network_type":"4G",
			"$element_selector":"android.widget.LinearLayout[0]/android.widget.FrameLayout[0]/androidx.appcompat.widget.ActionBarOverlayLayout[0]/androidx.appcompat.widget.ContentFrameLayout[0]/androidx.recyclerview.widget.RecyclerView[0]/android.widget.LinearLayout[10]",
			"$screen_name":"com.sensorsdata.analytics.android.demo.activity.TestMainActivity",
			"$title":"demo",
			"$element_content":"11、GridView ",
			"$element_type":"android.widget.LinearLayout",
			"$is_first_day":true
		},
		"_flush_time":1579238738380
	},
	{
		"_track_id":-705863185,
		"time":1579238726915,
		"type":"track",
		"distinct_id":"bd4b868128c62c0a",
		"lib":{
			"$lib":"Android",
			"$lib_version":"3.2.9-pre",
			"$app_version":"1.0",
			"$lib_method":"code",
			"$lib_detail":"com.sensorsdata.analytics.android.demo.activity.GridViewTestActivity######"
		},
		"event":"$AppViewScreen",
		"properties":{
			"$lib":"Android",
			"$carrier":"中国电信",
			"$os_version":"9",
			"$device_id":"bd4b868128c62c0a",
			"$lib_version":"3.2.9-pre",
			"$model":"ONEPLUS A6010",
			"$os":"Android",
			"$screen_width":1080,
			"$screen_height":2340,
			"$manufacturer":"OnePlus",
			"$app_version":"1.0",
			"superkey":"supervalue1405934679",
			"superkey2":"supervalue2-1004300459",
			"$wifi":false,
			"$network_type":"4G",
			"$referrer":"com.sensorsdata.analytics.android.demo.activity.TestMainActivity",
			"$url":"com.sensorsdata.analytics.android.demo.activity.GridViewTestActivity",
			"$screen_name":"com.sensorsdata.analytics.android.demo.activity.GridViewTestActivity",
			"$title":"GridView ",
			"$is_first_day":true
		},
		"_flush_time":1579238738380
	},
	{
		"_track_id":-1383682721,
		"time":1579238728425,
		"type":"track",
		"distinct_id":"bd4b868128c62c0a",
		"lib":{
			"$lib":"Android",
			"$lib_version":"3.2.9-pre",
			"$app_version":"1.0",
			"$lib_method":"code",
			"$lib_detail":"com.sensorsdata.analytics.android.demo.activity.TestMainActivity######"
		},
		"event":"$AppViewScreen",
		"properties":{
			"$lib":"Android",
			"$carrier":"中国电信",
			"$os_version":"9",
			"$device_id":"bd4b868128c62c0a",
			"$lib_version":"3.2.9-pre",
			"$model":"ONEPLUS A6010",
			"$os":"Android",
			"$screen_width":1080,
			"$screen_height":2340,
			"$manufacturer":"OnePlus",
			"$app_version":"1.0",
			"superkey":"supervalue1405934679",
			"superkey2":"supervalue2-1004300459",
			"$wifi":false,
			"$network_type":"4G",
			"$referrer":"com.sensorsdata.analytics.android.demo.activity.GridViewTestActivity",
			"$url":"com.sensorsdata.analytics.android.demo.activity.TestMainActivity",
			"$screen_name":"com.sensorsdata.analytics.android.demo.activity.TestMainActivity",
			"$title":"demo",
			"$is_first_day":true
		},
		"_flush_time":1579238738381
	},
	{
		"_track_id":-213530156,
		"time":1579238729922,
		"type":"track",
		"distinct_id":"bd4b868128c62c0a",
		"lib":{
			"$lib":"Android",
			"$lib_version":"3.2.9-pre",
			"$app_version":"1.0",
			"$lib_method":"code",
			"$lib_detail":"com.sensorsdata.analytics.android.demo.activity.TestMainActivity######"
		},
		"event":"$AppClick",
		"properties":{
			"$lib":"Android",
			"$carrier":"中国电信",
			"$os_version":"9",
			"$device_id":"bd4b868128c62c0a",
			"$lib_version":"3.2.9-pre",
			"$model":"ONEPLUS A6010",
			"$os":"Android",
			"$screen_width":1080,
			"$screen_height":2340,
			"$manufacturer":"OnePlus",
			"$app_version":"1.0",
			"superkey":"supervalue1405934679",
			"superkey2":"supervalue2-1004300459",
			"$wifi":false,
			"$network_type":"4G",
			"$element_selector":"android.widget.LinearLayout[0]/android.widget.FrameLayout[0]/androidx.appcompat.widget.ActionBarOverlayLayout[0]/androidx.appcompat.widget.ContentFrameLayout[0]/androidx.recyclerview.widget.RecyclerView[0]/android.widget.LinearLayout[11]",
			"$screen_name":"com.sensorsdata.analytics.android.demo.activity.TestMainActivity",
			"$title":"demo",
			"$element_content":"12、hint 采集",
			"$element_type":"android.widget.LinearLayout",
			"$is_first_day":true
		},
		"_flush_time":1579238738381
	},
	{
		"_track_id":-1861850546,
		"time":1579238730230,
		"type":"track",
		"distinct_id":"bd4b868128c62c0a",
		"lib":{
			"$lib":"Android",
			"$lib_version":"3.2.9-pre",
			"$app_version":"1.0",
			"$lib_method":"code",
			"$lib_detail":"com.sensorsdata.analytics.android.demo.activity.HintTestActivity######"
		},
		"event":"$AppViewScreen",
		"properties":{
			"$lib":"Android",
			"$carrier":"中国电信",
			"$os_version":"9",
			"$device_id":"bd4b868128c62c0a",
			"$lib_version":"3.2.9-pre",
			"$model":"ONEPLUS A6010",
			"$os":"Android",
			"$screen_width":1080,
			"$screen_height":2340,
			"$manufacturer":"OnePlus",
			"$app_version":"1.0",
			"superkey":"supervalue1405934679",
			"superkey2":"supervalue2-1004300459",
			"$wifi":false,
			"$network_type":"4G",
			"$referrer":"com.sensorsdata.analytics.android.demo.activity.TestMainActivity",
			"$url":"com.sensorsdata.analytics.android.demo.activity.HintTestActivity",
			"$screen_name":"com.sensorsdata.analytics.android.demo.activity.HintTestActivity",
			"$title":"hint 采集",
			"$is_first_day":true
		},
		"_flush_time":1579238738381
	},
	{
		"_track_id":-2092568906,
		"time":1579238731733,
		"type":"track",
		"distinct_id":"bd4b868128c62c0a",
		"lib":{
			"$lib":"Android",
			"$lib_version":"3.2.9-pre",
			"$app_version":"1.0",
			"$lib_method":"code",
			"$lib_detail":"com.sensorsdata.analytics.android.demo.activity.TestMainActivity######"
		},
		"event":"$AppViewScreen",
		"properties":{
			"$lib":"Android",
			"$carrier":"中国电信",
			"$os_version":"9",
			"$device_id":"bd4b868128c62c0a",
			"$lib_version":"3.2.9-pre",
			"$model":"ONEPLUS A6010",
			"$os":"Android",
			"$screen_width":1080,
			"$screen_height":2340,
			"$manufacturer":"OnePlus",
			"$app_version":"1.0",
			"superkey":"supervalue1405934679",
			"superkey2":"supervalue2-1004300459",
			"$wifi":false,
			"$network_type":"4G",
			"$referrer":"com.sensorsdata.analytics.android.demo.activity.HintTestActivity",
			"$url":"com.sensorsdata.analytics.android.demo.activity.TestMainActivity",
			"$screen_name":"com.sensorsdata.analytics.android.demo.activity.TestMainActivity",
			"$title":"demo",
			"$is_first_day":true
		},
		"_flush_time":1579238738381
	},
	{
		"_track_id":466328870,
		"time":1579238733840,
		"type":"track",
		"distinct_id":"bd4b868128c62c0a",
		"lib":{
			"$lib":"Android",
			"$lib_version":"3.2.9-pre",
			"$app_version":"1.0",
			"$lib_method":"code",
			"$lib_detail":"com.sensorsdata.analytics.android.demo.activity.TestMainActivity######"
		},
		"event":"$AppClick",
		"properties":{
			"$lib":"Android",
			"$carrier":"中国电信",
			"$os_version":"9",
			"$device_id":"bd4b868128c62c0a",
			"$lib_version":"3.2.9-pre",
			"$model":"ONEPLUS A6010",
			"$os":"Android",
			"$screen_width":1080,
			"$screen_height":2340,
			"$manufacturer":"OnePlus",
			"$app_version":"1.0",
			"superkey":"supervalue1405934679",
			"superkey2":"supervalue2-1004300459",
			"$wifi":false,
			"$network_type":"4G",
			"$element_selector":"android.widget.LinearLayout[0]/android.widget.FrameLayout[0]/androidx.appcompat.widget.ActionBarOverlayLayout[0]/androidx.appcompat.widget.ContentFrameLayout[0]/androidx.recyclerview.widget.RecyclerView[0]/android.widget.LinearLayout[12]",
			"$screen_name":"com.sensorsdata.analytics.android.demo.activity.TestMainActivity",
			"$title":"demo",
			"$element_content":"13、Crash 测试",
			"$element_type":"android.widget.LinearLayout",
			"$is_first_day":true
		},
		"_flush_time":1579238738381
	},
	{
		"_track_id":-832310128,
		"time":1579238734147,
		"type":"track",
		"distinct_id":"bd4b868128c62c0a",
		"lib":{
			"$lib":"Android",
			"$lib_version":"3.2.9-pre",
			"$app_version":"1.0",
			"$lib_method":"code",
			"$lib_detail":"com.sensorsdata.analytics.android.demo.activity.CrashTestActivity######"
		},
		"event":"$AppViewScreen",
		"properties":{
			"$lib":"Android",
			"$carrier":"中国电信",
			"$os_version":"9",
			"$device_id":"bd4b868128c62c0a",
			"$lib_version":"3.2.9-pre",
			"$model":"ONEPLUS A6010",
			"$os":"Android",
			"$screen_width":1080,
			"$screen_height":2340,
			"$manufacturer":"OnePlus",
			"$app_version":"1.0",
			"superkey":"supervalue1405934679",
			"superkey2":"supervalue2-1004300459",
			"$wifi":false,
			"$network_type":"4G",
			"$referrer":"com.sensorsdata.analytics.android.demo.activity.TestMainActivity",
			"$url":"com.sensorsdata.analytics.android.demo.activity.CrashTestActivity",
			"$screen_name":"com.sensorsdata.analytics.android.demo.activity.CrashTestActivity",
			"$title":"Crash 测试",
			"$is_first_day":true
		},
		"_flush_time":1579238738381
	},
	{
		"_track_id":-516881817,
		"time":1579238735654,
		"type":"track",
		"distinct_id":"bd4b868128c62c0a",
		"lib":{
			"$lib":"Android",
			"$lib_version":"3.2.9-pre",
			"$app_version":"1.0",
			"$lib_method":"code",
			"$lib_detail":"com.sensorsdata.analytics.android.demo.activity.TestMainActivity######"
		},
		"event":"$AppViewScreen",
		"properties":{
			"$lib":"Android",
			"$carrier":"中国电信",
			"$os_version":"9",
			"$device_id":"bd4b868128c62c0a",
			"$lib_version":"3.2.9-pre",
			"$model":"ONEPLUS A6010",
			"$os":"Android",
			"$screen_width":1080,
			"$screen_height":2340,
			"$manufacturer":"OnePlus",
			"$app_version":"1.0",
			"superkey":"supervalue1405934679",
			"superkey2":"supervalue2-1004300459",
			"$wifi":false,
			"$network_type":"4G",
			"$referrer":"com.sensorsdata.analytics.android.demo.activity.CrashTestActivity",
			"$url":"com.sensorsdata.analytics.android.demo.activity.TestMainActivity",
			"$screen_name":"com.sensorsdata.analytics.android.demo.activity.TestMainActivity",
			"$title":"demo",
			"$is_first_day":true
		},
		"_flush_time":1579238738382
	},
	{
		"_track_id":1178324771,
		"time":1579238737150,
		"type":"track",
		"distinct_id":"bd4b868128c62c0a",
		"lib":{
			"$lib":"Android",
			"$lib_version":"3.2.9-pre",
			"$app_version":"1.0",
			"$lib_method":"code",
			"$lib_detail":"com.sensorsdata.analytics.android.demo.activity.TestMainActivity######"
		},
		"event":"$AppClick",
		"properties":{
			"$lib":"Android",
			"$carrier":"中国电信",
			"$os_version":"9",
			"$device_id":"bd4b868128c62c0a",
			"$lib_version":"3.2.9-pre",
			"$model":"ONEPLUS A6010",
			"$os":"Android",
			"$screen_width":1080,
			"$screen_height":2340,
			"$manufacturer":"OnePlus",
			"$app_version":"1.0",
			"superkey":"supervalue1405934679",
			"superkey2":"supervalue2-1004300459",
			"$wifi":false,
			"$network_type":"4G",
			"$element_selector":"android.widget.LinearLayout[0]/android.widget.FrameLayout[0]/androidx.appcompat.widget.ActionBarOverlayLayout[0]/androidx.appcompat.widget.ContentFrameLayout[0]/androidx.recyclerview.widget.RecyclerView[0]/android.widget.LinearLayout[13]",
			"$screen_name":"com.sensorsdata.analytics.android.demo.activity.TestMainActivity",
			"$title":"demo",
			"$element_content":"14、PopupMenu 测试",
			"$element_type":"android.widget.LinearLayout",
			"$is_first_day":true
		},
		"_flush_time":1579238738382
	},
	{
		"_track_id":181844734,
		"time":1579238737461,
		"type":"track",
		"distinct_id":"bd4b868128c62c0a",
		"lib":{
			"$lib":"Android",
			"$lib_version":"3.2.9-pre",
			"$app_version":"1.0",
			"$lib_method":"code",
			"$lib_detail":"com.sensorsdata.analytics.android.demo.PopupMenuActivity######"
		},
		"event":"$AppViewScreen",
		"properties":{
			"$lib":"Android",
			"$carrier":"中国电信",
			"$os_version":"9",
			"$device_id":"bd4b868128c62c0a",
			"$lib_version":"3.2.9-pre",
			"$model":"ONEPLUS A6010",
			"$os":"Android",
			"$screen_width":1080,
			"$screen_height":2340,
			"$manufacturer":"OnePlus",
			"$app_version":"1.0",
			"superkey":"supervalue1405934679",
			"superkey2":"supervalue2-1004300459",
			"$wifi":false,
			"$network_type":"4G",
			"$referrer":"com.sensorsdata.analytics.android.demo.activity.TestMainActivity",
			"$url":"com.sensorsdata.analytics.android.demo.PopupMenuActivity",
			"$screen_name":"com.sensorsdata.analytics.android.demo.PopupMenuActivity",
			"$title":"PopupMenu 测试",
			"$is_first_day":true
		},
		"_flush_time":1579238738382
	}
]
Events flushed. [left = 0]
responseCode: 200
valid message: 
[
	{
		"_track_id":-1549799412,
		"time":1579238738970,
		"type":"track",
		"distinct_id":"bd4b868128c62c0a",
		"lib":{
			"$lib":"Android",
			"$lib_version":"3.2.9-pre",
			"$app_version":"1.0",
			"$lib_method":"code",
			"$lib_detail":"com.sensorsdata.analytics.android.demo.activity.TestMainActivity######"
		},
		"event":"$AppViewScreen",
		"properties":{
			"$lib":"Android",
			"$carrier":"中国电信",
			"$os_version":"9",
			"$device_id":"bd4b868128c62c0a",
			"$lib_version":"3.2.9-pre",
			"$model":"ONEPLUS A6010",
			"$os":"Android",
			"$screen_width":1080,
			"$screen_height":2340,
			"$manufacturer":"OnePlus",
			"$app_version":"1.0",
			"superkey":"supervalue1405934679",
			"superkey2":"supervalue2-1004300459",
			"$wifi":false,
			"$network_type":"4G",
			"$referrer":"com.sensorsdata.analytics.android.demo.PopupMenuActivity",
			"$url":"com.sensorsdata.analytics.android.demo.activity.TestMainActivity",
			"$screen_name":"com.sensorsdata.analytics.android.demo.activity.TestMainActivity",
			"$title":"demo",
			"$is_first_day":true
		},
		"_flush_time":1579238754073
	},
	{
		"_track_id":499735324,
		"time":1579238740468,
		"type":"track",
		"distinct_id":"bd4b868128c62c0a",
		"lib":{
			"$lib":"Android",
			"$lib_version":"3.2.9-pre",
			"$app_version":"1.0",
			"$lib_method":"code",
			"$lib_detail":"com.sensorsdata.analytics.android.demo.activity.TestMainActivity######"
		},
		"event":"$AppClick",
		"properties":{
			"$lib":"Android",
			"$carrier":"中国电信",
			"$os_version":"9",
			"$device_id":"bd4b868128c62c0a",
			"$lib_version":"3.2.9-pre",
			"$model":"ONEPLUS A6010",
			"$os":"Android",
			"$screen_width":1080,
			"$screen_height":2340,
			"$manufacturer":"OnePlus",
			"$app_version":"1.0",
			"superkey":"supervalue1405934679",
			"superkey2":"supervalue2-1004300459",
			"$wifi":false,
			"$network_type":"4G",
			"$element_selector":"android.widget.LinearLayout[0]/android.widget.FrameLayout[0]/androidx.appcompat.widget.ActionBarOverlayLayout[0]/androidx.appcompat.widget.ContentFrameLayout[0]/androidx.recyclerview.widget.RecyclerView[0]/android.widget.LinearLayout[14]",
			"$screen_name":"com.sensorsdata.analytics.android.demo.activity.TestMainActivity",
			"$title":"demo",
			"$element_content":"15、Dialog",
			"$element_type":"android.widget.LinearLayout",
			"$is_first_day":true
		},
		"_flush_time":1579238754074
	},
	{
		"_track_id":-426747607,
		"time":1579238740775,
		"type":"track",
		"distinct_id":"bd4b868128c62c0a",
		"lib":{
			"$lib":"Android",
			"$lib_version":"3.2.9-pre",
			"$app_version":"1.0",
			"$lib_method":"code",
			"$lib_detail":"com.sensorsdata.analytics.android.demo.activity.DialogActivity######"
		},
		"event":"$AppViewScreen",
		"properties":{
			"$lib":"Android",
			"$carrier":"中国电信",
			"$os_version":"9",
			"$device_id":"bd4b868128c62c0a",
			"$lib_version":"3.2.9-pre",
			"$model":"ONEPLUS A6010",
			"$os":"Android",
			"$screen_width":1080,
			"$screen_height":2340,
			"$manufacturer":"OnePlus",
			"$app_version":"1.0",
			"superkey":"supervalue1405934679",
			"superkey2":"supervalue2-1004300459",
			"$wifi":false,
			"$network_type":"4G",
			"$referrer":"com.sensorsdata.analytics.android.demo.activity.TestMainActivity",
			"$url":"com.sensorsdata.analytics.android.demo.activity.DialogActivity",
			"$screen_name":"com.sensorsdata.analytics.android.demo.activity.DialogActivity",
			"$title":"Dialog",
			"$is_first_day":true
		},
		"_flush_time":1579238754074
	},
	{
		"_track_id":-32508703,
		"time":1579238742281,
		"type":"track",
		"distinct_id":"bd4b868128c62c0a",
		"lib":{
			"$lib":"Android",
			"$lib_version":"3.2.9-pre",
			"$app_version":"1.0",
			"$lib_method":"code",
			"$lib_detail":"com.sensorsdata.analytics.android.demo.activity.TestMainActivity######"
		},
		"event":"$AppViewScreen",
		"properties":{
			"$lib":"Android",
			"$carrier":"中国电信",
			"$os_version":"9",
			"$device_id":"bd4b868128c62c0a",
			"$lib_version":"3.2.9-pre",
			"$model":"ONEPLUS A6010",
			"$os":"Android",
			"$screen_width":1080,
			"$screen_height":2340,
			"$manufacturer":"OnePlus",
			"$app_version":"1.0",
			"superkey":"supervalue1405934679",
			"superkey2":"supervalue2-1004300459",
			"$wifi":false,
			"$network_type":"4G",
			"$referrer":"com.sensorsdata.analytics.android.demo.activity.DialogActivity",
			"$url":"com.sensorsdata.analytics.android.demo.activity.TestMainActivity",
			"$screen_name":"com.sensorsdata.analytics.android.demo.activity.TestMainActivity",
			"$title":"demo",
			"$is_first_day":true
		},
		"_flush_time":1579238754075
	},
	{
		"_track_id":-489255837,
		"time":1579238743786,
		"type":"track",
		"distinct_id":"bd4b868128c62c0a",
		"lib":{
			"$lib":"Android",
			"$lib_version":"3.2.9-pre",
			"$app_version":"1.0",
			"$lib_method":"code",
			"$lib_detail":"com.sensorsdata.analytics.android.demo.activity.TestMainActivity######"
		},
		"event":"$AppClick",
		"properties":{
			"$lib":"Android",
			"$carrier":"中国电信",
			"$os_version":"9",
			"$device_id":"bd4b868128c62c0a",
			"$lib_version":"3.2.9-pre",
			"$model":"ONEPLUS A6010",
			"$os":"Android",
			"$screen_width":1080,
			"$screen_height":2340,
			"$manufacturer":"OnePlus",
			"$app_version":"1.0",
			"superkey":"supervalue1405934679",
			"superkey2":"supervalue2-1004300459",
			"$wifi":false,
			"$network_type":"4G",
			"$element_selector":"android.widget.LinearLayout[0]/android.widget.FrameLayout[0]/androidx.appcompat.widget.ActionBarOverlayLayout[0]/androidx.appcompat.widget.ContentFrameLayout[0]/androidx.recyclerview.widget.RecyclerView[0]/android.widget.LinearLayout[15]",
			"$screen_name":"com.sensorsdata.analytics.android.demo.activity.TestMainActivity",
			"$title":"demo",
			"$element_content":"16、黑名单白名单",
			"$element_type":"android.widget.LinearLayout",
			"$is_first_day":true
		},
		"_flush_time":1579238754075
	},
	{
		"_track_id":1522357300,
		"time":1579238746501,
		"type":"track",
		"distinct_id":"bd4b868128c62c0a",
		"lib":{
			"$lib":"Android",
			"$lib_version":"3.2.9-pre",
			"$app_version":"1.0",
			"$lib_method":"code",
			"$lib_detail":"com.sensorsdata.analytics.android.demo.activity.TestMainActivity######"
		},
		"event":"$AppClick",
		"properties":{
			"$lib":"Android",
			"$carrier":"中国电信",
			"$os_version":"9",
			"$device_id":"bd4b868128c62c0a",
			"$lib_version":"3.2.9-pre",
			"$model":"ONEPLUS A6010",
			"$os":"Android",
			"$screen_width":1080,
			"$screen_height":2340,
			"$manufacturer":"OnePlus",
			"$app_version":"1.0",
			"superkey":"supervalue1405934679",
			"superkey2":"supervalue2-1004300459",
			"$wifi":false,
			"$network_type":"4G",
			"$element_selector":"android.widget.LinearLayout[0]/android.widget.FrameLayout[0]/androidx.appcompat.widget.ActionBarOverlayLayout[0]/androidx.appcompat.widget.ContentFrameLayout[0]/androidx.recyclerview.widget.RecyclerView[0]/android.widget.LinearLayout[16]",
			"$screen_name":"com.sensorsdata.analytics.android.demo.activity.TestMainActivity",
			"$title":"demo",
			"$element_content":"17、Debug 模式",
			"$element_type":"android.widget.LinearLayout",
			"$is_first_day":true
		},
		"_flush_time":1579238754076
	},
	{
		"_track_id":-1548436762,
		"time":1579238749209,
		"type":"track",
		"distinct_id":"bd4b868128c62c0a",
		"lib":{
			"$lib":"Android",
			"$lib_version":"3.2.9-pre",
			"$app_version":"1.0",
			"$lib_method":"code",
			"$lib_detail":"com.sensorsdata.analytics.android.demo.activity.TestMainActivity######"
		},
		"event":"$AppClick",
		"properties":{
			"$lib":"Android",
			"$carrier":"中国电信",
			"$os_version":"9",
			"$device_id":"bd4b868128c62c0a",
			"$lib_version":"3.2.9-pre",
			"$model":"ONEPLUS A6010",
			"$os":"Android",
			"$screen_width":1080,
			"$screen_height":2340,
			"$manufacturer":"OnePlus",
			"$app_version":"1.0",
			"superkey":"supervalue1405934679",
			"superkey2":"supervalue2-1004300459",
			"$wifi":false,
			"$network_type":"4G",
			"$element_selector":"android.widget.LinearLayout[0]/android.widget.FrameLayout[0]/androidx.appcompat.widget.ActionBarOverlayLayout[0]/androidx.appcompat.widget.ContentFrameLayout[0]/androidx.recyclerview.widget.RecyclerView[0]/android.widget.LinearLayout[17]",
			"$screen_name":"com.sensorsdata.analytics.android.demo.activity.TestMainActivity",
			"$title":"demo",
			"$element_content":"18、点击图 HeatMap",
			"$element_type":"android.widget.LinearLayout",
			"$is_first_day":true
		},
		"_flush_time":1579238754076
	}
]
Events flushed. [left = 0]
